<?xml version="1.0" encoding="UTF-8"?>
<!-- Generated by org.testng.reporters.JUnitReportReporter -->
<testsuite name="com.automation.stepdefinitions.stopDocker" tests="1" time="5.563" ignored="0" failures="0" timestamp="05 Jul 2020 11:43:09 GMT" skipped="0" hostname="LAPTOP-AV2ODUL9" errors="0">
  <testcase name="stopFile" time="5.563" classname="com.automation.stepdefinitions.stopDocker"/>
</testsuite> <!-- com.automation.stepdefinitions.stopDocker -->
