<?xml version="1.0" encoding="UTF-8"?>
<!-- Generated by org.testng.reporters.JUnitReportReporter -->
<testsuite name="com.automation.stepdefinitions.NewTest" tests="1" time="1.936" ignored="0" failures="0" timestamp="04 Jul 2020 13:10:58 GMT" skipped="0" hostname="LAPTOP-AV2ODUL9" errors="0">
  <testcase name="f" time="1.936" classname="com.automation.stepdefinitions.NewTest"/>
</testsuite> <!-- com.automation.stepdefinitions.NewTest -->
