<?xml version="1.0" encoding="UTF-8"?>
<!-- Generated by org.testng.reporters.JUnitReportReporter -->
<testsuite name="com.automation.stepdefinitions.startDocker" tests="1" time="6.200" ignored="0" failures="0" timestamp="05 Jul 2020 11:38:53 GMT" skipped="0" hostname="LAPTOP-AV2ODUL9" errors="0">
  <testcase name="startFile" time="6.200" classname="com.automation.stepdefinitions.startDocker"/>
</testsuite> <!-- com.automation.stepdefinitions.startDocker -->
