<?xml version="1.0" encoding="UTF-8"?>
<!-- Generated by org.testng.reporters.JUnitReportReporter -->
<testsuite name="com.automation.stepdefinitions.chromeTest3" tests="1" time="0.004" ignored="0" failures="0" timestamp="07 Jul 2020 13:43:36 GMT" skipped="1" hostname="LAPTOP-AV2ODUL9" errors="0">
  <testcase name="f" time="0.004" classname="com.automation.stepdefinitions.chromeTest3">
    <skipped/>
  </testcase> <!-- f -->
</testsuite> <!-- com.automation.stepdefinitions.chromeTest3 -->
